[{
  "data": "[NbConvertApp] Converting notebook __notebook__.ipynb to notebook\n",
  "stream_name": "stderr",
  "time": 10.03606359100013
},{
  "data": "[NbConvertApp] Executing notebook with kernel: python3\n",
  "stream_name": "stderr",
  "time": 10.138804250000248
},{
  "data": "[NbConvertApp] Writing 6320077 bytes to __notebook__.ipynb\n",
  "stream_name": "stderr",
  "time": 35.998881477000396
},{
  "data": "[NbConvertApp] Converting notebook __notebook__.ipynb to html\n",
  "stream_name": "stderr",
  "time": 39.93308937800066
},{
  "data": "[NbConvertApp] Support files will be in __results___files/\n[NbConvertApp] Making directory __results___files\n",
  "stream_name": "stderr",
  "time": 41.724264910000784
},{
  "data": "[NbConvertApp] Making directory __results___files\n[NbConvertApp] Making directory __results___files\n[NbConvertApp] Making directory __results___files\n[NbConvertApp] Making directory __results___files\n",
  "stream_name": "stderr",
  "time": 41.72642622300009
},{
  "data": "[NbConvertApp] Making directory __results___files\n[NbConvertApp] Making directory __results___files\n[NbConvertApp] Making directory __results___files\n[NbConvertApp] Making directory __results___files\n",
  "stream_name": "stderr",
  "time": 41.72845607599993
},{
  "data": "[NbConvertApp] Making directory __results___files\n[NbConvertApp] Making directory __results___files\n[NbConvertApp] Making directory __results___files\n[NbConvertApp] Making directory __results___files\n[NbConvertApp] Writing 1558498 bytes to __results__.html\n",
  "stream_name": "stderr",
  "time": 41.73071403800168
}]