2021-10-21 17:07:18,348:INFO:PyCaret Supervised Module
2021-10-21 17:07:18,348:INFO:ML Usecase: classification
2021-10-21 17:07:18,348:INFO:version 2.3.4
2021-10-21 17:07:18,349:INFO:Initializing setup()
2021-10-21 17:07:18,349:INFO:setup(target=target, ml_usecase=classification, available_plots={'parameter': 'Hyperparameters', 'auc': 'AUC', 'confusion_matrix': 'Confusion Matrix', 'threshold': 'Threshold', 'pr': 'Precision Recall', 'error': 'Prediction Error', 'class_report': 'Class Report', 'rfe': 'Feature Selection', 'learning': 'Learning Curve', 'manifold': 'Manifold Learning', 'calibration': 'Calibration Curve', 'vc': 'Validation Curve', 'dimension': 'Dimensions', 'feature': 'Feature Importance', 'feature_all': 'Feature Importance (All)', 'boundary': 'Decision Boundary', 'lift': 'Lift Chart', 'gain': 'Gain Chart', 'tree': 'Decision Tree', 'ks': 'KS Statistic Plot'}, train_size=0.7, test_data=None, preprocess=True, imputation_type=simple, iterative_imputation_iters=5, categorical_features=None, categorical_imputation=constant, categorical_iterative_imputer=lightgbm, ordinal_features=None, high_cardinality_features=None, high_cardinality_method=frequency, numeric_features=None, numeric_imputation=mean, numeric_iterative_imputer=lightgbm, date_features=None, ignore_features=None, normalize=False, normalize_method=zscore, transformation=False, transformation_method=yeo-johnson, handle_unknown_categorical=True, unknown_categorical_method=least_frequent, pca=False, pca_method=linear, pca_components=None, ignore_low_variance=False, combine_rare_levels=False, rare_level_threshold=0.1, bin_numeric_features=None, remove_outliers=False, outliers_threshold=0.05, remove_multicollinearity=False, multicollinearity_threshold=0.9, remove_perfect_collinearity=True, create_clusters=False, cluster_iter=20, polynomial_features=False, polynomial_degree=2, trigonometry_features=False, polynomial_threshold=0.1, group_features=None, group_names=None, feature_selection=False, feature_selection_threshold=0.8, feature_selection_method=classic, feature_interaction=False, feature_ratio=False, interaction_threshold=0.01, fix_imbalance=False, fix_imbalance_method=None, transform_target=False, transform_target_method=box-cox, data_split_shuffle=True, data_split_stratify=False, fold_strategy=stratifiedkfold, fold=10, fold_shuffle=False, fold_groups=None, n_jobs=-1, use_gpu=False, custom_pipeline=None, html=True, session_id=None, log_experiment=False, experiment_name=None, log_plots=False, log_profile=False, log_data=False, silent=False, verbose=True, profile=False, profile_kwargs=None, display=None)
2021-10-21 17:07:18,350:INFO:Checking environment
2021-10-21 17:07:18,350:INFO:python_version: 3.8.8
2021-10-21 17:07:18,350:INFO:python_build: ('tags/v3.8.8:024d805', 'Feb 19 2021 13:18:16')
2021-10-21 17:07:18,351:INFO:machine: AMD64
2021-10-21 17:07:18,351:INFO:platform: Windows-10-10.0.19041-SP0
2021-10-21 17:07:18,353:WARNING:cannot find psutil installation. memory not traceable. Install psutil using pip to enable memory logging.
2021-10-21 17:07:18,353:INFO:Checking libraries
2021-10-21 17:07:18,353:INFO:pd==1.3.1
2021-10-21 17:07:18,353:INFO:numpy==1.19.5
2021-10-21 17:07:18,353:INFO:sklearn==0.23.2
2021-10-21 17:07:18,353:INFO:lightgbm==3.2.1
2021-10-21 17:07:18,353:INFO:catboost==0.26.1
2021-10-21 17:07:18,353:INFO:xgboost==1.4.2
2021-10-21 17:07:19,420:INFO:mlflow==1.20.2
2021-10-21 17:07:19,421:INFO:Checking Exceptions
2021-10-21 17:07:19,421:INFO:Declaring global variables
2021-10-21 17:07:19,421:INFO:USI: 0c9d
2021-10-21 17:07:19,421:INFO:pycaret_globals: {'seed', 'y_train', '_gpu_n_jobs_param', 'transform_target_param', '_all_models', 'fold_param', 'create_model_container', 'fold_groups_param', 'imputation_classifier', 'exp_name_log', 'pycaret_globals', '_ml_usecase', 'fold_shuffle_param', 'fold_generator', 'X_test', 'X_train', 'display_container', 'y_test', 'prep_pipe', 'target_param', 'y', 'master_model_container', 'log_plots_param', '_all_models_internal', 'imputation_regressor', 'gpu_param', 'fix_imbalance_param', 'USI', '_internal_pipeline', 'X', 'transform_target_method_param', 'experiment__', 'data_before_preprocess', 'fold_groups_param_full', '_available_plots', 'stratify_param', 'iterative_imputation_iters_param', 'fix_imbalance_method_param', 'logging_param', 'html_param', '_all_metrics', 'n_jobs_param'}
2021-10-21 17:07:19,421:INFO:Preparing display monitor
2021-10-21 17:07:19,421:INFO:Preparing display monitor
2021-10-21 17:07:19,433:INFO:Importing libraries
2021-10-21 17:07:19,433:INFO:Copying data for preprocessing
2021-10-21 17:07:19,445:INFO:Declaring preprocessing parameters
2021-10-21 17:07:19,446:INFO:Creating preprocessing pipeline
2021-10-21 17:07:19,453:INFO:Preprocessing pipeline created successfully
2021-10-21 17:07:19,453:ERROR:(Process Exit): setup has been interupted with user command 'quit'. setup must rerun.
2021-10-21 17:07:19,454:INFO:Creating global containers
2021-10-21 17:07:19,455:INFO:Internal pipeline: Pipeline(memory=None, steps=[('empty_step', 'passthrough')], verbose=False)
2021-10-21 17:07:23,886:INFO:Creating grid variables
2021-10-21 17:07:23,901:INFO:create_model_container: 0
2021-10-21 17:07:23,902:INFO:master_model_container: 0
2021-10-21 17:07:23,902:INFO:display_container: 1
2021-10-21 17:07:23,907:INFO:Pipeline(memory=None,
         steps=[('dtypes',
                 DataTypes_Auto_infer(categorical_features=[],
                                      display_types=True, features_todrop=[],
                                      id_columns=[],
                                      ml_usecase='classification',
                                      numerical_features=[], target='target',
                                      time_features=[])),
                ('imputer',
                 Simple_Imputer(categorical_strategy='not_available',
                                fill_value_categorical=None,
                                fill_value_numerical=None,
                                numeric_strat...
                ('scaling', 'passthrough'), ('P_transform', 'passthrough'),
                ('binn', 'passthrough'), ('rem_outliers', 'passthrough'),
                ('cluster_all', 'passthrough'),
                ('dummy', Dummify(target='target')),
                ('fix_perfect', Remove_100(target='target')),
                ('clean_names', Clean_Colum_Names()),
                ('feature_select', 'passthrough'), ('fix_multi', 'passthrough'),
                ('dfs', 'passthrough'), ('pca', 'passthrough')],
         verbose=False)
2021-10-21 17:07:23,908:INFO:setup() succesfully completed......................................
