[p.w3layouts.com/demos/movie_store/web/index.html]
[backblue.gif]
[fade.gif]
[index.html]
[p.w3layouts.com/demos/movie_store/web/css/bootstrap.css]
[p.w3layouts.com/demos/movie_store/web/css/style.css]
[p.w3layouts.com/demos/movie_store/web/js/jquery-1.11.1.min.js]
[p.w3layouts.com/demos/movie_store/web/js/responsiveslides.min.js]
[m.servedby-buysellads.com/monetization.js]
[p.w3layouts.com/js/autotrack.js]
[p.w3layouts.com/assests/css/font-awesome.min.css]
[p.w3layouts.com/demos/movie_store/web/index-2.html]
[p.w3layouts.com/demos/movie_store/web/images/logo.png]
[p.w3layouts.com/demos/movie_store/web/movie.html]
[p.w3layouts.com/demos/movie_store/web/images/p1.png]
[p.w3layouts.com/demos/movie_store/web/login.html]
[p.w3layouts.com/demos/movie_store/web/images/banner.jpg]
[p.w3layouts.com/demos/movie_store/web/images/banner1.jpg]
[p.w3layouts.com/demos/movie_store/web/images/banner2.jpg]
[p.w3layouts.com/demos/movie_store/web/images/rating.png]
[p.w3layouts.com/demos/movie_store/web/single.html]
[p.w3layouts.com/demos/movie_store/web/images/pic1.jpg]
[p.w3layouts.com/demos/movie_store/web/images/pic2.jpg]
[p.w3layouts.com/demos/movie_store/web/images/rating1.png]
[p.w3layouts.com/demos/movie_store/web/images/pic3.jpg]
[p.w3layouts.com/demos/movie_store/web/images/pic4.jpg]
[p.w3layouts.com/demos/movie_store/web/images/pic6.jpg]
[p.w3layouts.com/demos/movie_store/web/images/pic7.jpg]
[p.w3layouts.com/demos/movie_store/web/images/pic8.jpg]
[p.w3layouts.com/demos/movie_store/web/images/pic9.jpg]
[p.w3layouts.com/demos/movie_store/web/images/pic10.jpg]
[p.w3layouts.com/demos/movie_store/web/images/f_logo.png]
[p.w3layouts.com/demos/movie_store/web/index.html]
[a.vdo.ai/core/v-w3layouts/vdo.ai.js]
[p.w3layouts.com/demos/movie_store/web/fonts/glyphicons-halflings-regular.eot]
[p.w3layouts.com/demos/movie_store/web/fonts/glyphicons-halflings-regulard41d.eot]
[p.w3layouts.com/demos/movie_store/web/fonts/glyphicons-halflings-regular.woff]
[p.w3layouts.com/demos/movie_store/web/fonts/glyphicons-halflings-regular.ttf]
[p.w3layouts.com/demos/movie_store/web/fonts/glyphicons-halflings-regular.svg]
[p.w3layouts.com/demos/movie_store/web/css/bootstrap.css]
[p.w3layouts.com/demos/movie_store/web/images/img_sprite.png]
[p.w3layouts.com/demos/movie_store/web/images/arrows.png]
[p.w3layouts.com/demos/movie_store/web/images/search.png]
[p.w3layouts.com/demos/movie_store/web/images/img-sprite.png]
[p.w3layouts.com/demos/movie_store/web/images/star.png]
[p.w3layouts.com/demos/movie_store/web/images/tick1.png]
[p.w3layouts.com/demos/movie_store/web/css/style.css]
[p.w3layouts.com/assests/css/font-awesome.min.css]
[p.w3layouts.com/demos/movie_store/web/index-2.html]
[p.w3layouts.com/demos/movie_store/web/images/1.jpg]
[p.w3layouts.com/demos/movie_store/web/images/2.jpg]
[p.w3layouts.com/demos/movie_store/web/images/3.jpg]
[p.w3layouts.com/demos/movie_store/web/images/4.jpg]
[p.w3layouts.com/demos/movie_store/web/images/5.jpg]
[p.w3layouts.com/demos/movie_store/web/images/6.jpg]
[p.w3layouts.com/demos/movie_store/web/images/7.jpg]
[p.w3layouts.com/demos/movie_store/web/images/8.jpg]
[p.w3layouts.com/demos/movie_store/web/movie.html]
[p.w3layouts.com/demos/movie_store/web/js/jquery.flexisel.js]
[p.w3layouts.com/demos/movie_store/web/login.html]
[p.w3layouts.com/demos/movie_store/web/register.html]
[p.w3layouts.com/demos/movie_store/web/images/single.jpg]
[p.w3layouts.com/demos/movie_store/web/single.html]
[p.w3layouts.com/demos/movie_store/web/fonts/glyphicons-halflings-regular.html]
[p.w3layouts.com/demos/movie_store/web/fonts/glyphicons-halflings-regulard41d.html]
[p.w3layouts.com/demos/movie_store/web/fonts/glyphicons-halflings-regular-2.html]
[p.w3layouts.com/demos/movie_store/web/fonts/glyphicons-halflings-regular-3.html]
[p.w3layouts.com/demos/movie_store/web/fonts/glyphicons-halflings-regular-4.html]
[p.w3layouts.com/demos/movie_store/web/images/arrows.html]
[p.w3layouts.com/demos/movie_store/web/images/img-sprite.html]
[p.w3layouts.com/demos/movie_store/web/register.html]
